Analysis & Synthesis report for extends_task
Sat Jun 15 20:01:18 2024
Quartus Prime Version 23.1std.0 Build 991 11/28/2023 SC Lite Edition


---------------------
; Table of Contents ;
---------------------
  1. Legal Notice
  2. Analysis & Synthesis Summary
  3. Analysis & Synthesis Settings
  4. Parallel Compilation
  5. Analysis & Synthesis Source Files Read
  6. Analysis & Synthesis Resource Usage Summary
  7. Analysis & Synthesis Resource Utilization by Entity
  8. General Register Statistics
  9. Inverted Register Statistics
 10. Parameter Settings for User Entity Instance: state_convert:state_convert_inst
 11. Parameter Settings for User Entity Instance: check_clock:check_clock_inst
 12. Port Connectivity Checks: "bit_4_to_seg7:bit_3_to_seg7_inst"
 13. Post-Synthesis Netlist Statistics for Top Partition
 14. Elapsed Time Per Partition
 15. Analysis & Synthesis Messages



----------------
; Legal Notice ;
----------------
Copyright (C) 2023  Intel Corporation. All rights reserved.
Your use of Intel Corporation's design tools, logic functions 
and other software and tools, and any partner logic 
functions, and any output files from any of the foregoing 
(including device programming or simulation files), and any 
associated documentation or information are expressly subject 
to the terms and conditions of the Intel Program License 
Subscription Agreement, the Intel Quartus Prime License Agreement,
the Intel FPGA IP License Agreement, or other applicable license
agreement, including, without limitation, that your use is for
the sole purpose of programming logic devices manufactured by
Intel and sold by Intel or its authorized distributors.  Please
refer to the applicable agreement for further details, at
https://fpgasoftware.intel.com/eula.



+-------------------------------------------------------------------------------------+
; Analysis & Synthesis Summary                                                        ;
+------------------------------------+------------------------------------------------+
; Analysis & Synthesis Status        ; Successful - Sat Jun 15 20:01:18 2024          ;
; Quartus Prime Version              ; 23.1std.0 Build 991 11/28/2023 SC Lite Edition ;
; Revision Name                      ; extends_task                                   ;
; Top-level Entity Name              ; top                                            ;
; Family                             ; MAX 10                                         ;
; Total logic elements               ; 178                                            ;
;     Total combinational functions  ; 174                                            ;
;     Dedicated logic registers      ; 85                                             ;
; Total registers                    ; 85                                             ;
; Total pins                         ; 34                                             ;
; Total virtual pins                 ; 0                                              ;
; Total memory bits                  ; 0                                              ;
; Embedded Multiplier 9-bit elements ; 0                                              ;
; Total PLLs                         ; 0                                              ;
; UFM blocks                         ; 0                                              ;
; ADC blocks                         ; 0                                              ;
+------------------------------------+------------------------------------------------+


+------------------------------------------------------------------------------------------------------------+
; Analysis & Synthesis Settings                                                                              ;
+------------------------------------------------------------------+--------------------+--------------------+
; Option                                                           ; Setting            ; Default Value      ;
+------------------------------------------------------------------+--------------------+--------------------+
; Device                                                           ; 10M02SCM153C8G     ;                    ;
; Top-level entity name                                            ; top                ; extends_task       ;
; Family name                                                      ; MAX 10             ; Cyclone V          ;
; Use smart compilation                                            ; Off                ; Off                ;
; Enable parallel Assembler and Timing Analyzer during compilation ; On                 ; On                 ;
; Enable compact report table                                      ; Off                ; Off                ;
; Restructure Multiplexers                                         ; Auto               ; Auto               ;
; Create Debugging Nodes for IP Cores                              ; Off                ; Off                ;
; Preserve fewer node names                                        ; On                 ; On                 ;
; Intel FPGA IP Evaluation Mode                                    ; Enable             ; Enable             ;
; Verilog Version                                                  ; Verilog_2001       ; Verilog_2001       ;
; VHDL Version                                                     ; VHDL_1993          ; VHDL_1993          ;
; State Machine Processing                                         ; Auto               ; Auto               ;
; Safe State Machine                                               ; Off                ; Off                ;
; Extract Verilog State Machines                                   ; On                 ; On                 ;
; Extract VHDL State Machines                                      ; On                 ; On                 ;
; Ignore Verilog initial constructs                                ; Off                ; Off                ;
; Iteration limit for constant Verilog loops                       ; 5000               ; 5000               ;
; Iteration limit for non-constant Verilog loops                   ; 250                ; 250                ;
; Add Pass-Through Logic to Inferred RAMs                          ; On                 ; On                 ;
; Infer RAMs from Raw Logic                                        ; On                 ; On                 ;
; Parallel Synthesis                                               ; On                 ; On                 ;
; DSP Block Balancing                                              ; Auto               ; Auto               ;
; NOT Gate Push-Back                                               ; On                 ; On                 ;
; Power-Up Don't Care                                              ; On                 ; On                 ;
; Remove Redundant Logic Cells                                     ; Off                ; Off                ;
; Remove Duplicate Registers                                       ; On                 ; On                 ;
; Ignore CARRY Buffers                                             ; Off                ; Off                ;
; Ignore CASCADE Buffers                                           ; Off                ; Off                ;
; Ignore GLOBAL Buffers                                            ; Off                ; Off                ;
; Ignore ROW GLOBAL Buffers                                        ; Off                ; Off                ;
; Ignore LCELL Buffers                                             ; Off                ; Off                ;
; Ignore SOFT Buffers                                              ; On                 ; On                 ;
; Limit AHDL Integers to 32 Bits                                   ; Off                ; Off                ;
; Optimization Technique                                           ; Balanced           ; Balanced           ;
; Carry Chain Length                                               ; 70                 ; 70                 ;
; Auto Carry Chains                                                ; On                 ; On                 ;
; Auto Open-Drain Pins                                             ; On                 ; On                 ;
; Perform WYSIWYG Primitive Resynthesis                            ; Off                ; Off                ;
; Auto ROM Replacement                                             ; On                 ; On                 ;
; Auto RAM Replacement                                             ; On                 ; On                 ;
; Auto DSP Block Replacement                                       ; On                 ; On                 ;
; Auto Shift Register Replacement                                  ; Auto               ; Auto               ;
; Allow Shift Register Merging across Hierarchies                  ; Auto               ; Auto               ;
; Auto Clock Enable Replacement                                    ; On                 ; On                 ;
; Strict RAM Replacement                                           ; Off                ; Off                ;
; Allow Synchronous Control Signals                                ; On                 ; On                 ;
; Force Use of Synchronous Clear Signals                           ; Off                ; Off                ;
; Auto RAM Block Balancing                                         ; On                 ; On                 ;
; Auto RAM to Logic Cell Conversion                                ; Off                ; Off                ;
; Auto Resource Sharing                                            ; Off                ; Off                ;
; Allow Any RAM Size For Recognition                               ; Off                ; Off                ;
; Allow Any ROM Size For Recognition                               ; Off                ; Off                ;
; Allow Any Shift Register Size For Recognition                    ; Off                ; Off                ;
; Use LogicLock Constraints during Resource Balancing              ; On                 ; On                 ;
; Ignore translate_off and synthesis_off directives                ; Off                ; Off                ;
; Timing-Driven Synthesis                                          ; On                 ; On                 ;
; Report Parameter Settings                                        ; On                 ; On                 ;
; Report Source Assignments                                        ; On                 ; On                 ;
; Report Connectivity Checks                                       ; On                 ; On                 ;
; Ignore Maximum Fan-Out Assignments                               ; Off                ; Off                ;
; Synchronization Register Chain Length                            ; 2                  ; 2                  ;
; Power Optimization During Synthesis                              ; Normal compilation ; Normal compilation ;
; HDL message level                                                ; Level2             ; Level2             ;
; Suppress Register Optimization Related Messages                  ; Off                ; Off                ;
; Number of Removed Registers Reported in Synthesis Report         ; 5000               ; 5000               ;
; Number of Swept Nodes Reported in Synthesis Report               ; 5000               ; 5000               ;
; Number of Inverted Registers Reported in Synthesis Report        ; 100                ; 100                ;
; Clock MUX Protection                                             ; On                 ; On                 ;
; Auto Gated Clock Conversion                                      ; Off                ; Off                ;
; Block Design Naming                                              ; Auto               ; Auto               ;
; SDC constraint protection                                        ; Off                ; Off                ;
; Synthesis Effort                                                 ; Auto               ; Auto               ;
; Shift Register Replacement - Allow Asynchronous Clear Signal     ; On                 ; On                 ;
; Pre-Mapping Resynthesis Optimization                             ; Off                ; Off                ;
; Analysis & Synthesis Message Level                               ; Medium             ; Medium             ;
; Disable Register Merging Across Hierarchies                      ; Auto               ; Auto               ;
; Resource Aware Inference For Block RAM                           ; On                 ; On                 ;
+------------------------------------------------------------------+--------------------+--------------------+


+------------------------------------------+
; Parallel Compilation                     ;
+----------------------------+-------------+
; Processors                 ; Number      ;
+----------------------------+-------------+
; Number detected on machine ; 8           ;
; Maximum allowed            ; 4           ;
;                            ;             ;
; Average used               ; 1.00        ;
; Maximum used               ; 4           ;
;                            ;             ;
; Usage by Processor         ; % Time Used ;
;     Processor 1            ; 100.0%      ;
;     Processor 2            ;   0.0%      ;
;     Processors 3-4         ;   0.0%      ;
+----------------------------+-------------+


+-------------------------------------------------------------------------------------------------------------------------------------------------------------------------------------------------------------------+
; Analysis & Synthesis Source Files Read                                                                                                                                                                            ;
+----------------------------------+-----------------+------------------------+---------------------------------------------------------------------------------------------------------------------------+---------+
; File Name with User-Entered Path ; Used in Netlist ; File Type              ; File Name with Absolute Path                                                                                              ; Library ;
+----------------------------------+-----------------+------------------------+---------------------------------------------------------------------------------------------------------------------------+---------+
; bit_4_to_seg7.v                  ; yes             ; User Verilog HDL File  ; /home/zhaocake/WorkSpace/digital_design/digital-course-design/extends-task/simple_extends/intel_fpga_impl/bit_4_to_seg7.v ;         ;
; state_convert.v                  ; yes             ; User Verilog HDL File  ; /home/zhaocake/WorkSpace/digital_design/digital-course-design/extends-task/simple_extends/intel_fpga_impl/state_convert.v ;         ;
; top.v                            ; yes             ; User Verilog HDL File  ; /home/zhaocake/WorkSpace/digital_design/digital-course-design/extends-task/simple_extends/intel_fpga_impl/top.v           ;         ;
+----------------------------------+-----------------+------------------------+---------------------------------------------------------------------------------------------------------------------------+---------+


+---------------------------------------------------------+
; Analysis & Synthesis Resource Usage Summary             ;
+---------------------------------------------+-----------+
; Resource                                    ; Usage     ;
+---------------------------------------------+-----------+
; Estimated Total logic elements              ; 178       ;
;                                             ;           ;
; Total combinational functions               ; 174       ;
; Logic element usage by number of LUT inputs ;           ;
;     -- 4 input functions                    ; 61        ;
;     -- 3 input functions                    ; 34        ;
;     -- <=2 input functions                  ; 79        ;
;                                             ;           ;
; Logic elements by mode                      ;           ;
;     -- normal mode                          ; 78        ;
;     -- arithmetic mode                      ; 96        ;
;                                             ;           ;
; Total registers                             ; 85        ;
;     -- Dedicated logic registers            ; 85        ;
;     -- I/O registers                        ; 0         ;
;                                             ;           ;
; I/O pins                                    ; 34        ;
;                                             ;           ;
; Embedded Multiplier 9-bit elements          ; 0         ;
;                                             ;           ;
; Maximum fan-out node                        ; clk~input ;
; Maximum fan-out                             ; 82        ;
; Total fan-out                               ; 813       ;
; Average fan-out                             ; 2.49      ;
+---------------------------------------------+-----------+


+-------------------------------------------------------------------------------------------------------------------------------------------------------------------------------------------------------------------------------------------------------------------+
; Analysis & Synthesis Resource Utilization by Entity                                                                                                                                                                                                               ;
+---------------------------------------+---------------------+---------------------------+-------------+------------+--------------+---------+-----------+------+--------------+------------+---------------------------------------+---------------+--------------+
; Compilation Hierarchy Node            ; Combinational ALUTs ; Dedicated Logic Registers ; Memory Bits ; UFM Blocks ; DSP Elements ; DSP 9x9 ; DSP 18x18 ; Pins ; Virtual Pins ; ADC blocks ; Full Hierarchy Name                   ; Entity Name   ; Library Name ;
+---------------------------------------+---------------------+---------------------------+-------------+------------+--------------+---------+-----------+------+--------------+------------+---------------------------------------+---------------+--------------+
; |top                                  ; 174 (7)             ; 85 (7)                    ; 0           ; 0          ; 0            ; 0       ; 0         ; 34   ; 0            ; 0          ; |top                                  ; top           ; work         ;
;    |bit_4_to_seg7:bit_3_to_seg7_inst| ; 7 (7)               ; 0 (0)                     ; 0           ; 0          ; 0            ; 0       ; 0         ; 0    ; 0            ; 0          ; |top|bit_4_to_seg7:bit_3_to_seg7_inst ; bit_4_to_seg7 ; work         ;
;    |bit_4_to_seg7:speed_disp_inst|    ; 10 (10)             ; 0 (0)                     ; 0           ; 0          ; 0            ; 0       ; 0         ; 0    ; 0            ; 0          ; |top|bit_4_to_seg7:speed_disp_inst    ; bit_4_to_seg7 ; work         ;
;    |check_clock:check_clock_inst|     ; 42 (42)             ; 25 (25)                   ; 0           ; 0          ; 0            ; 0       ; 0         ; 0    ; 0            ; 0          ; |top|check_clock:check_clock_inst     ; check_clock   ; work         ;
;    |state_convert:state_convert_inst| ; 108 (108)           ; 53 (53)                   ; 0           ; 0          ; 0            ; 0       ; 0         ; 0    ; 0            ; 0          ; |top|state_convert:state_convert_inst ; state_convert ; work         ;
+---------------------------------------+---------------------+---------------------------+-------------+------------+--------------+---------+-----------+------+--------------+------------+---------------------------------------+---------------+--------------+
Note: For table entries with two numbers listed, the numbers in parentheses indicate the number of resources of the given type used by the specific entity alone. The numbers listed outside of parentheses indicate the total resources of the given type used by the specific entity and all of its sub-entities in the hierarchy.


+------------------------------------------------------+
; General Register Statistics                          ;
+----------------------------------------------+-------+
; Statistic                                    ; Value ;
+----------------------------------------------+-------+
; Total registers                              ; 85    ;
; Number of registers using Synchronous Clear  ; 24    ;
; Number of registers using Synchronous Load   ; 0     ;
; Number of registers using Asynchronous Clear ; 32    ;
; Number of registers using Asynchronous Load  ; 0     ;
; Number of registers using Clock Enable       ; 28    ;
; Number of registers using Preset             ; 0     ;
+----------------------------------------------+-------+


+----------------------------------------------------+
; Inverted Register Statistics                       ;
+------------------------------------------+---------+
; Inverted Register                        ; Fan out ;
+------------------------------------------+---------+
; state_convert:state_convert_inst|data[1] ; 10      ;
; state_convert:state_convert_inst|data[0] ; 11      ;
; state_convert:state_convert_inst|data[2] ; 10      ;
; speed[0]                                 ; 33      ;
; Total number of inverted registers = 4   ;         ;
+------------------------------------------+---------+


+-------------------------------------------------------------------------------+
; Parameter Settings for User Entity Instance: state_convert:state_convert_inst ;
+----------------+--------------------------+-----------------------------------+
; Parameter Name ; Value                    ; Type                              ;
+----------------+--------------------------+-----------------------------------+
; ONE_SECOND     ; 101101110001101100000000 ; Unsigned Binary                   ;
+----------------+--------------------------+-----------------------------------+
Note: In order to hide this table in the UI and the text report file, please set the "Show Parameter Settings in Synthesis Report" option in "Analysis and Synthesis Settings -> More Settings" to "Off".


+---------------------------------------------------------------------------+
; Parameter Settings for User Entity Instance: check_clock:check_clock_inst ;
+----------------+--------------------------+-------------------------------+
; Parameter Name ; Value                    ; Type                          ;
+----------------+--------------------------+-------------------------------+
; ONE_SECOND     ; 101101110001101100000000 ; Unsigned Binary               ;
+----------------+--------------------------+-------------------------------+
Note: In order to hide this table in the UI and the text report file, please set the "Show Parameter Settings in Synthesis Report" option in "Analysis and Synthesis Settings -> More Settings" to "Off".


+--------------------------------------------------------------+
; Port Connectivity Checks: "bit_4_to_seg7:bit_3_to_seg7_inst" ;
+--------------+-------+----------+----------------------------+
; Port         ; Type  ; Severity ; Details                    ;
+--------------+-------+----------+----------------------------+
; binary_in[3] ; Input ; Info     ; Stuck at GND               ;
+--------------+-------+----------+----------------------------+


+-----------------------------------------------------+
; Post-Synthesis Netlist Statistics for Top Partition ;
+-----------------------+-----------------------------+
; Type                  ; Count                       ;
+-----------------------+-----------------------------+
; boundary_port         ; 34                          ;
; cycloneiii_ff         ; 85                          ;
;     CLR               ; 5                           ;
;     ENA               ; 1                           ;
;     ENA CLR           ; 3                           ;
;     ENA CLR SCLR      ; 24                          ;
;     plain             ; 52                          ;
; cycloneiii_lcell_comb ; 188                         ;
;     arith             ; 96                          ;
;         2 data inputs ; 71                          ;
;         3 data inputs ; 25                          ;
;     normal            ; 92                          ;
;         0 data inputs ; 2                           ;
;         1 data inputs ; 15                          ;
;         2 data inputs ; 5                           ;
;         3 data inputs ; 9                           ;
;         4 data inputs ; 61                          ;
;                       ;                             ;
; Max LUT depth         ; 5.30                        ;
; Average LUT depth     ; 3.30                        ;
+-----------------------+-----------------------------+


+-------------------------------+
; Elapsed Time Per Partition    ;
+----------------+--------------+
; Partition Name ; Elapsed Time ;
+----------------+--------------+
; Top            ; 00:00:00     ;
+----------------+--------------+


+-------------------------------+
; Analysis & Synthesis Messages ;
+-------------------------------+
Info: *******************************************************************
Info: Running Quartus Prime Analysis & Synthesis
    Info: Version 23.1std.0 Build 991 11/28/2023 SC Lite Edition
    Info: Processing started: Sat Jun 15 20:01:13 2024
Info: Command: quartus_map --read_settings_files=on --write_settings_files=off extends_task -c extends_task
Warning (18236): Number of processors has not been specified which may cause overloading on shared machines.  Set the global assignment NUM_PARALLEL_PROCESSORS in your QSF to an appropriate value for best performance.
Info (20030): Parallel compilation is enabled and will use 4 of the 4 processors detected
Info (12021): Found 1 design units, including 1 entities, in source file bit_4_to_seg7.v
    Info (12023): Found entity 1: bit_4_to_seg7 File: /home/zhaocake/WorkSpace/digital_design/digital-course-design/extends-task/simple_extends/intel_fpga_impl/bit_4_to_seg7.v Line: 1
Info (12021): Found 1 design units, including 1 entities, in source file state_convert.v
    Info (12023): Found entity 1: state_convert File: /home/zhaocake/WorkSpace/digital_design/digital-course-design/extends-task/simple_extends/intel_fpga_impl/state_convert.v Line: 1
Info (12021): Found 2 design units, including 2 entities, in source file top.v
    Info (12023): Found entity 1: check_clock File: /home/zhaocake/WorkSpace/digital_design/digital-course-design/extends-task/simple_extends/intel_fpga_impl/top.v Line: 1
    Info (12023): Found entity 2: top File: /home/zhaocake/WorkSpace/digital_design/digital-course-design/extends-task/simple_extends/intel_fpga_impl/top.v Line: 21
Info (12127): Elaborating entity "top" for the top level hierarchy
Warning (10230): Verilog HDL assignment warning at top.v(59): truncated value with size 32 to match size of target (4) File: /home/zhaocake/WorkSpace/digital_design/digital-course-design/extends-task/simple_extends/intel_fpga_impl/top.v Line: 59
Warning (10230): Verilog HDL assignment warning at top.v(61): truncated value with size 32 to match size of target (4) File: /home/zhaocake/WorkSpace/digital_design/digital-course-design/extends-task/simple_extends/intel_fpga_impl/top.v Line: 61
Info (12128): Elaborating entity "state_convert" for hierarchy "state_convert:state_convert_inst" File: /home/zhaocake/WorkSpace/digital_design/digital-course-design/extends-task/simple_extends/intel_fpga_impl/top.v Line: 77
Warning (10230): Verilog HDL assignment warning at state_convert.v(21): truncated value with size 32 to match size of target (24) File: /home/zhaocake/WorkSpace/digital_design/digital-course-design/extends-task/simple_extends/intel_fpga_impl/state_convert.v Line: 21
Warning (10230): Verilog HDL assignment warning at state_convert.v(22): truncated value with size 32 to match size of target (24) File: /home/zhaocake/WorkSpace/digital_design/digital-course-design/extends-task/simple_extends/intel_fpga_impl/state_convert.v Line: 22
Warning (10230): Verilog HDL assignment warning at state_convert.v(23): truncated value with size 32 to match size of target (24) File: /home/zhaocake/WorkSpace/digital_design/digital-course-design/extends-task/simple_extends/intel_fpga_impl/state_convert.v Line: 23
Warning (10230): Verilog HDL assignment warning at state_convert.v(24): truncated value with size 32 to match size of target (24) File: /home/zhaocake/WorkSpace/digital_design/digital-course-design/extends-task/simple_extends/intel_fpga_impl/state_convert.v Line: 24
Warning (10230): Verilog HDL assignment warning at state_convert.v(25): truncated value with size 32 to match size of target (24) File: /home/zhaocake/WorkSpace/digital_design/digital-course-design/extends-task/simple_extends/intel_fpga_impl/state_convert.v Line: 25
Warning (10230): Verilog HDL assignment warning at state_convert.v(26): truncated value with size 32 to match size of target (24) File: /home/zhaocake/WorkSpace/digital_design/digital-course-design/extends-task/simple_extends/intel_fpga_impl/state_convert.v Line: 26
Warning (10230): Verilog HDL assignment warning at state_convert.v(27): truncated value with size 32 to match size of target (24) File: /home/zhaocake/WorkSpace/digital_design/digital-course-design/extends-task/simple_extends/intel_fpga_impl/state_convert.v Line: 27
Warning (10230): Verilog HDL assignment warning at state_convert.v(28): truncated value with size 32 to match size of target (24) File: /home/zhaocake/WorkSpace/digital_design/digital-course-design/extends-task/simple_extends/intel_fpga_impl/state_convert.v Line: 28
Warning (10230): Verilog HDL assignment warning at state_convert.v(29): truncated value with size 32 to match size of target (24) File: /home/zhaocake/WorkSpace/digital_design/digital-course-design/extends-task/simple_extends/intel_fpga_impl/state_convert.v Line: 29
Warning (10230): Verilog HDL assignment warning at state_convert.v(30): truncated value with size 32 to match size of target (24) File: /home/zhaocake/WorkSpace/digital_design/digital-course-design/extends-task/simple_extends/intel_fpga_impl/state_convert.v Line: 30
Warning (10230): Verilog HDL assignment warning at state_convert.v(31): truncated value with size 32 to match size of target (24) File: /home/zhaocake/WorkSpace/digital_design/digital-course-design/extends-task/simple_extends/intel_fpga_impl/state_convert.v Line: 31
Warning (10230): Verilog HDL assignment warning at state_convert.v(32): truncated value with size 32 to match size of target (24) File: /home/zhaocake/WorkSpace/digital_design/digital-course-design/extends-task/simple_extends/intel_fpga_impl/state_convert.v Line: 32
Warning (10230): Verilog HDL assignment warning at state_convert.v(33): truncated value with size 32 to match size of target (24) File: /home/zhaocake/WorkSpace/digital_design/digital-course-design/extends-task/simple_extends/intel_fpga_impl/state_convert.v Line: 33
Warning (10230): Verilog HDL assignment warning at state_convert.v(34): truncated value with size 32 to match size of target (24) File: /home/zhaocake/WorkSpace/digital_design/digital-course-design/extends-task/simple_extends/intel_fpga_impl/state_convert.v Line: 34
Warning (10230): Verilog HDL assignment warning at state_convert.v(55): truncated value with size 32 to match size of target (24) File: /home/zhaocake/WorkSpace/digital_design/digital-course-design/extends-task/simple_extends/intel_fpga_impl/state_convert.v Line: 55
Info (12128): Elaborating entity "bit_4_to_seg7" for hierarchy "bit_4_to_seg7:bit_3_to_seg7_inst" File: /home/zhaocake/WorkSpace/digital_design/digital-course-design/extends-task/simple_extends/intel_fpga_impl/top.v Line: 83
Info (12128): Elaborating entity "check_clock" for hierarchy "check_clock:check_clock_inst" File: /home/zhaocake/WorkSpace/digital_design/digital-course-design/extends-task/simple_extends/intel_fpga_impl/top.v Line: 94
Warning (10230): Verilog HDL assignment warning at top.v(14): truncated value with size 32 to match size of target (24) File: /home/zhaocake/WorkSpace/digital_design/digital-course-design/extends-task/simple_extends/intel_fpga_impl/top.v Line: 14
Info (13000): Registers with preset signals will power-up high File: /home/zhaocake/WorkSpace/digital_design/digital-course-design/extends-task/simple_extends/intel_fpga_impl/state_convert.v Line: 71
Info (13003): DEV_CLRn pin will set, and not reset, register with preset signal due to NOT Gate Push-Back
Warning (13024): Output pins are stuck at VCC or GND
    Warning (13410): Pin "seg_en[0]" is stuck at GND File: /home/zhaocake/WorkSpace/digital_design/digital-course-design/extends-task/simple_extends/intel_fpga_impl/top.v Line: 32
    Warning (13410): Pin "seg_en[1]" is stuck at GND File: /home/zhaocake/WorkSpace/digital_design/digital-course-design/extends-task/simple_extends/intel_fpga_impl/top.v Line: 32
Info (286030): Timing-Driven Synthesis is running
Info (16010): Generating hard_block partition "hard_block:auto_generated_inst"
    Info (16011): Adding 0 node(s), including 0 DDIO, 0 PLL, 0 transceiver and 0 LCELL
Info (21057): Implemented 212 device resources after synthesis - the final resource count might be different
    Info (21058): Implemented 7 input pins
    Info (21059): Implemented 27 output pins
    Info (21061): Implemented 178 logic cells
Info: Quartus Prime Analysis & Synthesis was successful. 0 errors, 22 warnings
    Info: Peak virtual memory: 442 megabytes
    Info: Processing ended: Sat Jun 15 20:01:18 2024
    Info: Elapsed time: 00:00:05
    Info: Total CPU time (on all processors): 00:00:12


